<?xml version="1.0" encoding="UTF-8"?>
<testsuite xmlns:xsi="http://www.w3.org/2001/XMLSchema-instance" xsi:noNamespaceSchemaLocation="https://maven.apache.org/surefire/maven-surefire-plugin/xsd/surefire-test-report-3.0.xsd" version="3.0" name="TestSuite" time="54.46" tests="10" errors="0" skipped="7" failures="3">
  <properties>
    <property name="sun.desktop" value="windows"/>
    <property name="awt.toolkit" value="sun.awt.windows.WToolkit"/>
    <property name="java.specification.version" value="11"/>
    <property name="sun.cpu.isalist" value="amd64"/>
    <property name="sun.jnu.encoding" value="Cp1252"/>
    <property name="java.class.path" value="C:\Users\Khadhar\eclipse-workspace\AppiumFrameworkDesign\target\test-classes;C:\Users\Khadhar\eclipse-workspace\AppiumFrameworkDesign\target\classes;C:\Users\Khadhar\.m2\repository\com\aventstack\extentreports\5.0.9\extentreports-5.0.9.jar;C:\Users\Khadhar\.m2\repository\io\reactivex\rxjava3\rxjava\3.0.4\rxjava-3.0.4.jar;C:\Users\Khadhar\.m2\repository\org\reactivestreams\reactive-streams\1.0.3\reactive-streams-1.0.3.jar;C:\Users\Khadhar\.m2\repository\org\freemarker\freemarker\2.3.30\freemarker-2.3.30.jar;C:\Users\Khadhar\.m2\repository\org\projectlombok\lombok\1.18.12\lombok-1.18.12.jar;C:\Users\Khadhar\.m2\repository\com\google\code\gson\gson\2.8.6\gson-2.8.6.jar;C:\Users\Khadhar\.m2\repository\org\seleniumhq\selenium\selenium-support\4.7.2\selenium-support-4.7.2.jar;C:\Users\Khadhar\.m2\repository\com\google\auto\service\auto-service-annotations\1.0.1\auto-service-annotations-1.0.1.jar;C:\Users\Khadhar\.m2\repository\com\google\auto\service\auto-service\1.0.1\auto-service-1.0.1.jar;C:\Users\Khadhar\.m2\repository\com\google\auto\auto-common\1.2\auto-common-1.2.jar;C:\Users\Khadhar\.m2\repository\com\google\guava\guava\31.1-jre\guava-31.1-jre.jar;C:\Users\Khadhar\.m2\repository\com\google\guava\failureaccess\1.0.1\failureaccess-1.0.1.jar;C:\Users\Khadhar\.m2\repository\com\google\guava\listenablefuture\9999.0-empty-to-avoid-conflict-with-guava\listenablefuture-9999.0-empty-to-avoid-conflict-with-guava.jar;C:\Users\Khadhar\.m2\repository\com\google\code\findbugs\jsr305\3.0.2\jsr305-3.0.2.jar;C:\Users\Khadhar\.m2\repository\org\checkerframework\checker-qual\3.12.0\checker-qual-3.12.0.jar;C:\Users\Khadhar\.m2\repository\com\google\errorprone\error_prone_annotations\2.11.0\error_prone_annotations-2.11.0.jar;C:\Users\Khadhar\.m2\repository\com\google\j2objc\j2objc-annotations\1.3\j2objc-annotations-1.3.jar;C:\Users\Khadhar\.m2\repository\net\bytebuddy\byte-buddy\1.12.18\byte-buddy-1.12.18.jar;C:\Users\Khadhar\.m2\repository\org\seleniumhq\selenium\selenium-api\4.7.2\selenium-api-4.7.2.jar;C:\Users\Khadhar\.m2\repository\org\seleniumhq\selenium\selenium-json\4.7.2\selenium-json-4.7.2.jar;C:\Users\Khadhar\.m2\repository\org\seleniumhq\selenium\selenium-remote-driver\4.7.2\selenium-remote-driver-4.7.2.jar;C:\Users\Khadhar\.m2\repository\io\netty\netty-buffer\4.1.84.Final\netty-buffer-4.1.84.Final.jar;C:\Users\Khadhar\.m2\repository\io\netty\netty-codec-http\4.1.84.Final\netty-codec-http-4.1.84.Final.jar;C:\Users\Khadhar\.m2\repository\io\netty\netty-codec\4.1.84.Final\netty-codec-4.1.84.Final.jar;C:\Users\Khadhar\.m2\repository\io\netty\netty-handler\4.1.84.Final\netty-handler-4.1.84.Final.jar;C:\Users\Khadhar\.m2\repository\io\netty\netty-common\4.1.84.Final\netty-common-4.1.84.Final.jar;C:\Users\Khadhar\.m2\repository\io\netty\netty-transport-classes-epoll\4.1.84.Final\netty-transport-classes-epoll-4.1.84.Final.jar;C:\Users\Khadhar\.m2\repository\io\netty\netty-transport-classes-kqueue\4.1.84.Final\netty-transport-classes-kqueue-4.1.84.Final.jar;C:\Users\Khadhar\.m2\repository\io\netty\netty-transport-native-epoll\4.1.84.Final\netty-transport-native-epoll-4.1.84.Final.jar;C:\Users\Khadhar\.m2\repository\io\netty\netty-transport-native-kqueue\4.1.84.Final\netty-transport-native-kqueue-4.1.84.Final.jar;C:\Users\Khadhar\.m2\repository\io\netty\netty-transport-native-unix-common\4.1.84.Final\netty-transport-native-unix-common-4.1.84.Final.jar;C:\Users\Khadhar\.m2\repository\io\netty\netty-transport\4.1.84.Final\netty-transport-4.1.84.Final.jar;C:\Users\Khadhar\.m2\repository\io\netty\netty-resolver\4.1.84.Final\netty-resolver-4.1.84.Final.jar;C:\Users\Khadhar\.m2\repository\io\opentelemetry\opentelemetry-api\1.19.0\opentelemetry-api-1.19.0.jar;C:\Users\Khadhar\.m2\repository\io\opentelemetry\opentelemetry-context\1.19.0\opentelemetry-context-1.19.0.jar;C:\Users\Khadhar\.m2\repository\io\opentelemetry\opentelemetry-exporter-logging\1.19.0\opentelemetry-exporter-logging-1.19.0.jar;C:\Users\Khadhar\.m2\repository\io\opentelemetry\opentelemetry-sdk-metrics\1.19.0\opentelemetry-sdk-metrics-1.19.0.jar;C:\Users\Khadhar\.m2\repository\io\opentelemetry\opentelemetry-sdk-logs\1.19.0-alpha\opentelemetry-sdk-logs-1.19.0-alpha.jar;C:\Users\Khadhar\.m2\repository\io\opentelemetry\opentelemetry-api-logs\1.19.0-alpha\opentelemetry-api-logs-1.19.0-alpha.jar;C:\Users\Khadhar\.m2\repository\io\opentelemetry\opentelemetry-sdk-common\1.19.0\opentelemetry-sdk-common-1.19.0.jar;C:\Users\Khadhar\.m2\repository\io\opentelemetry\opentelemetry-sdk-extension-autoconfigure-spi\1.19.0\opentelemetry-sdk-extension-autoconfigure-spi-1.19.0.jar;C:\Users\Khadhar\.m2\repository\io\opentelemetry\opentelemetry-sdk-extension-autoconfigure\1.19.0-alpha\opentelemetry-sdk-extension-autoconfigure-1.19.0-alpha.jar;C:\Users\Khadhar\.m2\repository\io\opentelemetry\opentelemetry-exporter-common\1.19.0\opentelemetry-exporter-common-1.19.0.jar;C:\Users\Khadhar\.m2\repository\io\opentelemetry\opentelemetry-sdk-trace\1.19.0\opentelemetry-sdk-trace-1.19.0.jar;C:\Users\Khadhar\.m2\repository\io\opentelemetry\opentelemetry-sdk\1.19.0\opentelemetry-sdk-1.19.0.jar;C:\Users\Khadhar\.m2\repository\io\opentelemetry\opentelemetry-semconv\1.19.0-alpha\opentelemetry-semconv-1.19.0-alpha.jar;C:\Users\Khadhar\.m2\repository\io\ous\jtoml\2.0.0\jtoml-2.0.0.jar;C:\Users\Khadhar\.m2\repository\org\apache\commons\commons-exec\1.3\commons-exec-1.3.jar;C:\Users\Khadhar\.m2\repository\org\asynchttpclient\async-http-client\2.12.3\async-http-client-2.12.3.jar;C:\Users\Khadhar\.m2\repository\org\asynchttpclient\async-http-client-netty-utils\2.12.3\async-http-client-netty-utils-2.12.3.jar;C:\Users\Khadhar\.m2\repository\io\netty\netty-codec-socks\4.1.60.Final\netty-codec-socks-4.1.60.Final.jar;C:\Users\Khadhar\.m2\repository\io\netty\netty-handler-proxy\4.1.60.Final\netty-handler-proxy-4.1.60.Final.jar;C:\Users\Khadhar\.m2\repository\io\netty\netty-transport-native-epoll\4.1.60.Final\netty-transport-native-epoll-4.1.60.Final-linux-x86_64.jar;C:\Users\Khadhar\.m2\repository\io\netty\netty-transport-native-kqueue\4.1.60.Final\netty-transport-native-kqueue-4.1.60.Final-osx-x86_64.jar;C:\Users\Khadhar\.m2\repository\com\typesafe\netty\netty-reactive-streams\2.0.4\netty-reactive-streams-2.0.4.jar;C:\Users\Khadhar\.m2\repository\com\sun\activation\jakarta.activation\1.2.2\jakarta.activation-1.2.2.jar;C:\Users\Khadhar\.m2\repository\org\seleniumhq\selenium\selenium-http\4.7.2\selenium-http-4.7.2.jar;C:\Users\Khadhar\.m2\repository\dev\failsafe\failsafe\3.3.0\failsafe-3.3.0.jar;C:\Users\Khadhar\.m2\repository\org\seleniumhq\selenium\selenium-manager\4.7.2\selenium-manager-4.7.2.jar;C:\Users\Khadhar\.m2\repository\io\appium\java-client\8.3.0\java-client-8.3.0.jar;C:\Users\Khadhar\.m2\repository\cglib\cglib\3.3.0\cglib-3.3.0.jar;C:\Users\Khadhar\.m2\repository\org\ow2\asm\asm\7.1\asm-7.1.jar;C:\Users\Khadhar\.m2\repository\commons-validator\commons-validator\1.7\commons-validator-1.7.jar;C:\Users\Khadhar\.m2\repository\commons-beanutils\commons-beanutils\1.9.4\commons-beanutils-1.9.4.jar;C:\Users\Khadhar\.m2\repository\commons-digester\commons-digester\2.1\commons-digester-2.1.jar;C:\Users\Khadhar\.m2\repository\commons-logging\commons-logging\1.2\commons-logging-1.2.jar;C:\Users\Khadhar\.m2\repository\commons-collections\commons-collections\3.2.2\commons-collections-3.2.2.jar;C:\Users\Khadhar\.m2\repository\org\apache\commons\commons-lang3\3.12.0\commons-lang3-3.12.0.jar;C:\Users\Khadhar\.m2\repository\org\slf4j\slf4j-api\2.0.5\slf4j-api-2.0.5.jar;C:\Users\Khadhar\.m2\repository\org\testng\testng\7.7.0\testng-7.7.0.jar;C:\Users\Khadhar\.m2\repository\com\beust\jcommander\1.82\jcommander-1.82.jar;C:\Users\Khadhar\.m2\repository\org\webjars\jquery\3.6.1\jquery-3.6.1.jar;C:\Users\Khadhar\.m2\repository\commons-io\commons-io\2.11.0\commons-io-2.11.0.jar;C:\Users\Khadhar\.m2\repository\com\fasterxml\jackson\core\jackson-databind\2.14.2\jackson-databind-2.14.2.jar;C:\Users\Khadhar\.m2\repository\com\fasterxml\jackson\core\jackson-annotations\2.14.2\jackson-annotations-2.14.2.jar;C:\Users\Khadhar\.m2\repository\com\fasterxml\jackson\core\jackson-core\2.14.2\jackson-core-2.14.2.jar;C:\Users\Khadhar\.m2\repository\org\slf4j\slf4j-simple\1.7.21\slf4j-simple-1.7.21.jar;"/>
    <property name="java.vm.vendor" value="Oracle Corporation"/>
    <property name="sun.arch.data.model" value="64"/>
    <property name="user.variant" value=""/>
    <property name="java.vendor.url" value="https://openjdk.java.net/"/>
    <property name="user.timezone" value="Asia/Calcutta"/>
    <property name="java.vm.specification.version" value="11"/>
    <property name="os.name" value="Windows 10"/>
    <property name="sun.java.launcher" value="SUN_STANDARD"/>
    <property name="user.country" value="US"/>
    <property name="sun.boot.library.path" value="C:\Program Files\Java\jdk-11.0.17\bin"/>
    <property name="sun.java.command" value="C:\Users\Khadhar\AppData\Local\Temp\surefire11146927159223153648\surefirebooter-20230209123524476_3.jar C:\Users\Khadhar\AppData\Local\Temp\surefire11146927159223153648 2023-02-09T12-35-20_182-jvmRun1 surefire-20230209123524476_1tmp surefire_0-20230209123524476_2tmp"/>
    <property name="jdk.debug" value="release"/>
    <property name="surefire.test.class.path" value="C:\Users\Khadhar\eclipse-workspace\AppiumFrameworkDesign\target\test-classes;C:\Users\Khadhar\eclipse-workspace\AppiumFrameworkDesign\target\classes;C:\Users\Khadhar\.m2\repository\com\aventstack\extentreports\5.0.9\extentreports-5.0.9.jar;C:\Users\Khadhar\.m2\repository\io\reactivex\rxjava3\rxjava\3.0.4\rxjava-3.0.4.jar;C:\Users\Khadhar\.m2\repository\org\reactivestreams\reactive-streams\1.0.3\reactive-streams-1.0.3.jar;C:\Users\Khadhar\.m2\repository\org\freemarker\freemarker\2.3.30\freemarker-2.3.30.jar;C:\Users\Khadhar\.m2\repository\org\projectlombok\lombok\1.18.12\lombok-1.18.12.jar;C:\Users\Khadhar\.m2\repository\com\google\code\gson\gson\2.8.6\gson-2.8.6.jar;C:\Users\Khadhar\.m2\repository\org\seleniumhq\selenium\selenium-support\4.7.2\selenium-support-4.7.2.jar;C:\Users\Khadhar\.m2\repository\com\google\auto\service\auto-service-annotations\1.0.1\auto-service-annotations-1.0.1.jar;C:\Users\Khadhar\.m2\repository\com\google\auto\service\auto-service\1.0.1\auto-service-1.0.1.jar;C:\Users\Khadhar\.m2\repository\com\google\auto\auto-common\1.2\auto-common-1.2.jar;C:\Users\Khadhar\.m2\repository\com\google\guava\guava\31.1-jre\guava-31.1-jre.jar;C:\Users\Khadhar\.m2\repository\com\google\guava\failureaccess\1.0.1\failureaccess-1.0.1.jar;C:\Users\Khadhar\.m2\repository\com\google\guava\listenablefuture\9999.0-empty-to-avoid-conflict-with-guava\listenablefuture-9999.0-empty-to-avoid-conflict-with-guava.jar;C:\Users\Khadhar\.m2\repository\com\google\code\findbugs\jsr305\3.0.2\jsr305-3.0.2.jar;C:\Users\Khadhar\.m2\repository\org\checkerframework\checker-qual\3.12.0\checker-qual-3.12.0.jar;C:\Users\Khadhar\.m2\repository\com\google\errorprone\error_prone_annotations\2.11.0\error_prone_annotations-2.11.0.jar;C:\Users\Khadhar\.m2\repository\com\google\j2objc\j2objc-annotations\1.3\j2objc-annotations-1.3.jar;C:\Users\Khadhar\.m2\repository\net\bytebuddy\byte-buddy\1.12.18\byte-buddy-1.12.18.jar;C:\Users\Khadhar\.m2\repository\org\seleniumhq\selenium\selenium-api\4.7.2\selenium-api-4.7.2.jar;C:\Users\Khadhar\.m2\repository\org\seleniumhq\selenium\selenium-json\4.7.2\selenium-json-4.7.2.jar;C:\Users\Khadhar\.m2\repository\org\seleniumhq\selenium\selenium-remote-driver\4.7.2\selenium-remote-driver-4.7.2.jar;C:\Users\Khadhar\.m2\repository\io\netty\netty-buffer\4.1.84.Final\netty-buffer-4.1.84.Final.jar;C:\Users\Khadhar\.m2\repository\io\netty\netty-codec-http\4.1.84.Final\netty-codec-http-4.1.84.Final.jar;C:\Users\Khadhar\.m2\repository\io\netty\netty-codec\4.1.84.Final\netty-codec-4.1.84.Final.jar;C:\Users\Khadhar\.m2\repository\io\netty\netty-handler\4.1.84.Final\netty-handler-4.1.84.Final.jar;C:\Users\Khadhar\.m2\repository\io\netty\netty-common\4.1.84.Final\netty-common-4.1.84.Final.jar;C:\Users\Khadhar\.m2\repository\io\netty\netty-transport-classes-epoll\4.1.84.Final\netty-transport-classes-epoll-4.1.84.Final.jar;C:\Users\Khadhar\.m2\repository\io\netty\netty-transport-classes-kqueue\4.1.84.Final\netty-transport-classes-kqueue-4.1.84.Final.jar;C:\Users\Khadhar\.m2\repository\io\netty\netty-transport-native-epoll\4.1.84.Final\netty-transport-native-epoll-4.1.84.Final.jar;C:\Users\Khadhar\.m2\repository\io\netty\netty-transport-native-kqueue\4.1.84.Final\netty-transport-native-kqueue-4.1.84.Final.jar;C:\Users\Khadhar\.m2\repository\io\netty\netty-transport-native-unix-common\4.1.84.Final\netty-transport-native-unix-common-4.1.84.Final.jar;C:\Users\Khadhar\.m2\repository\io\netty\netty-transport\4.1.84.Final\netty-transport-4.1.84.Final.jar;C:\Users\Khadhar\.m2\repository\io\netty\netty-resolver\4.1.84.Final\netty-resolver-4.1.84.Final.jar;C:\Users\Khadhar\.m2\repository\io\opentelemetry\opentelemetry-api\1.19.0\opentelemetry-api-1.19.0.jar;C:\Users\Khadhar\.m2\repository\io\opentelemetry\opentelemetry-context\1.19.0\opentelemetry-context-1.19.0.jar;C:\Users\Khadhar\.m2\repository\io\opentelemetry\opentelemetry-exporter-logging\1.19.0\opentelemetry-exporter-logging-1.19.0.jar;C:\Users\Khadhar\.m2\repository\io\opentelemetry\opentelemetry-sdk-metrics\1.19.0\opentelemetry-sdk-metrics-1.19.0.jar;C:\Users\Khadhar\.m2\repository\io\opentelemetry\opentelemetry-sdk-logs\1.19.0-alpha\opentelemetry-sdk-logs-1.19.0-alpha.jar;C:\Users\Khadhar\.m2\repository\io\opentelemetry\opentelemetry-api-logs\1.19.0-alpha\opentelemetry-api-logs-1.19.0-alpha.jar;C:\Users\Khadhar\.m2\repository\io\opentelemetry\opentelemetry-sdk-common\1.19.0\opentelemetry-sdk-common-1.19.0.jar;C:\Users\Khadhar\.m2\repository\io\opentelemetry\opentelemetry-sdk-extension-autoconfigure-spi\1.19.0\opentelemetry-sdk-extension-autoconfigure-spi-1.19.0.jar;C:\Users\Khadhar\.m2\repository\io\opentelemetry\opentelemetry-sdk-extension-autoconfigure\1.19.0-alpha\opentelemetry-sdk-extension-autoconfigure-1.19.0-alpha.jar;C:\Users\Khadhar\.m2\repository\io\opentelemetry\opentelemetry-exporter-common\1.19.0\opentelemetry-exporter-common-1.19.0.jar;C:\Users\Khadhar\.m2\repository\io\opentelemetry\opentelemetry-sdk-trace\1.19.0\opentelemetry-sdk-trace-1.19.0.jar;C:\Users\Khadhar\.m2\repository\io\opentelemetry\opentelemetry-sdk\1.19.0\opentelemetry-sdk-1.19.0.jar;C:\Users\Khadhar\.m2\repository\io\opentelemetry\opentelemetry-semconv\1.19.0-alpha\opentelemetry-semconv-1.19.0-alpha.jar;C:\Users\Khadhar\.m2\repository\io\ous\jtoml\2.0.0\jtoml-2.0.0.jar;C:\Users\Khadhar\.m2\repository\org\apache\commons\commons-exec\1.3\commons-exec-1.3.jar;C:\Users\Khadhar\.m2\repository\org\asynchttpclient\async-http-client\2.12.3\async-http-client-2.12.3.jar;C:\Users\Khadhar\.m2\repository\org\asynchttpclient\async-http-client-netty-utils\2.12.3\async-http-client-netty-utils-2.12.3.jar;C:\Users\Khadhar\.m2\repository\io\netty\netty-codec-socks\4.1.60.Final\netty-codec-socks-4.1.60.Final.jar;C:\Users\Khadhar\.m2\repository\io\netty\netty-handler-proxy\4.1.60.Final\netty-handler-proxy-4.1.60.Final.jar;C:\Users\Khadhar\.m2\repository\io\netty\netty-transport-native-epoll\4.1.60.Final\netty-transport-native-epoll-4.1.60.Final-linux-x86_64.jar;C:\Users\Khadhar\.m2\repository\io\netty\netty-transport-native-kqueue\4.1.60.Final\netty-transport-native-kqueue-4.1.60.Final-osx-x86_64.jar;C:\Users\Khadhar\.m2\repository\com\typesafe\netty\netty-reactive-streams\2.0.4\netty-reactive-streams-2.0.4.jar;C:\Users\Khadhar\.m2\repository\com\sun\activation\jakarta.activation\1.2.2\jakarta.activation-1.2.2.jar;C:\Users\Khadhar\.m2\repository\org\seleniumhq\selenium\selenium-http\4.7.2\selenium-http-4.7.2.jar;C:\Users\Khadhar\.m2\repository\dev\failsafe\failsafe\3.3.0\failsafe-3.3.0.jar;C:\Users\Khadhar\.m2\repository\org\seleniumhq\selenium\selenium-manager\4.7.2\selenium-manager-4.7.2.jar;C:\Users\Khadhar\.m2\repository\io\appium\java-client\8.3.0\java-client-8.3.0.jar;C:\Users\Khadhar\.m2\repository\cglib\cglib\3.3.0\cglib-3.3.0.jar;C:\Users\Khadhar\.m2\repository\org\ow2\asm\asm\7.1\asm-7.1.jar;C:\Users\Khadhar\.m2\repository\commons-validator\commons-validator\1.7\commons-validator-1.7.jar;C:\Users\Khadhar\.m2\repository\commons-beanutils\commons-beanutils\1.9.4\commons-beanutils-1.9.4.jar;C:\Users\Khadhar\.m2\repository\commons-digester\commons-digester\2.1\commons-digester-2.1.jar;C:\Users\Khadhar\.m2\repository\commons-logging\commons-logging\1.2\commons-logging-1.2.jar;C:\Users\Khadhar\.m2\repository\commons-collections\commons-collections\3.2.2\commons-collections-3.2.2.jar;C:\Users\Khadhar\.m2\repository\org\apache\commons\commons-lang3\3.12.0\commons-lang3-3.12.0.jar;C:\Users\Khadhar\.m2\repository\org\slf4j\slf4j-api\2.0.5\slf4j-api-2.0.5.jar;C:\Users\Khadhar\.m2\repository\org\testng\testng\7.7.0\testng-7.7.0.jar;C:\Users\Khadhar\.m2\repository\com\beust\jcommander\1.82\jcommander-1.82.jar;C:\Users\Khadhar\.m2\repository\org\webjars\jquery\3.6.1\jquery-3.6.1.jar;C:\Users\Khadhar\.m2\repository\commons-io\commons-io\2.11.0\commons-io-2.11.0.jar;C:\Users\Khadhar\.m2\repository\com\fasterxml\jackson\core\jackson-databind\2.14.2\jackson-databind-2.14.2.jar;C:\Users\Khadhar\.m2\repository\com\fasterxml\jackson\core\jackson-annotations\2.14.2\jackson-annotations-2.14.2.jar;C:\Users\Khadhar\.m2\repository\com\fasterxml\jackson\core\jackson-core\2.14.2\jackson-core-2.14.2.jar;C:\Users\Khadhar\.m2\repository\org\slf4j\slf4j-simple\1.7.21\slf4j-simple-1.7.21.jar;"/>
    <property name="sun.cpu.endian" value="little"/>
    <property name="user.home" value="C:\Users\Khadhar"/>
    <property name="user.language" value="en"/>
    <property name="java.specification.vendor" value="Oracle Corporation"/>
    <property name="java.version.date" value="2022-10-18"/>
    <property name="java.home" value="C:\Program Files\Java\jdk-11.0.17"/>
    <property name="file.separator" value="\"/>
    <property name="basedir" value="C:\Users\Khadhar\eclipse-workspace\AppiumFrameworkDesign"/>
    <property name="java.vm.compressedOopsMode" value="32-bit"/>
    <property name="line.separator" value="&#10;"/>
    <property name="java.specification.name" value="Java Platform API Specification"/>
    <property name="java.vm.specification.vendor" value="Oracle Corporation"/>
    <property name="java.awt.graphicsenv" value="sun.awt.Win32GraphicsEnvironment"/>
    <property name="surefire.real.class.path" value="C:\Users\Khadhar\AppData\Local\Temp\surefire11146927159223153648\surefirebooter-20230209123524476_3.jar"/>
    <property name="user.script" value=""/>
    <property name="sun.management.compiler" value="HotSpot 64-Bit Tiered Compilers"/>
    <property name="java.runtime.version" value="11.0.17+10-LTS-269"/>
    <property name="user.name" value="Khadhar"/>
    <property name="path.separator" value=";"/>
    <property name="os.version" value="10.0"/>
    <property name="java.runtime.name" value="Java(TM) SE Runtime Environment"/>
    <property name="file.encoding" value="Cp1252"/>
    <property name="java.vm.name" value="Java HotSpot(TM) 64-Bit Server VM"/>
    <property name="java.vendor.version" value="18.9"/>
    <property name="localRepository" value="C:\Users\Khadhar\.m2\repository"/>
    <property name="java.vendor.url.bug" value="https://bugreport.java.com/bugreport/"/>
    <property name="java.io.tmpdir" value="C:\Users\Khadhar\AppData\Local\Temp\"/>
    <property name="java.version" value="11.0.17"/>
    <property name="user.dir" value="C:\Users\Khadhar\eclipse-workspace\AppiumFrameworkDesign"/>
    <property name="os.arch" value="amd64"/>
    <property name="java.vm.specification.name" value="Java Virtual Machine Specification"/>
    <property name="java.awt.printerjob" value="sun.awt.windows.WPrinterJob"/>
    <property name="sun.os.patch.level" value=""/>
    <property name="java.library.path" value="C:\Program Files\Java\jdk-11.0.17\bin;C:\WINDOWS\Sun\Java\bin;C:\WINDOWS\system32;C:\WINDOWS;C:\Program Files\Common Files\Oracle\Java\javapath;C:\Program Files (x86)\Common Files\Oracle\Java\javapath;C:\WINDOWS\system32;C:\WINDOWS;C:\WINDOWS\System32\Wbem;C:\WINDOWS\System32\WindowsPowerShell\v1.0\;C:\Program Files\nodejs\;C:\Program Files\Git\cmd;C:\WINDOWS\System32\OpenSSH\;C:\Users\Khadhar\Drivers;C:\Program Files (x86)\Common Files\Oracle\Java\javapath;C:\Windows\system32;C:\Windows;C:\Windows\System32\Wbem;C:\Windows\System32\WindowsPowerShell\v1.0\;C:\Program Files\nodejs\;C:\Program Files\Git\cmd;E:\apache-maven-3.8.4\bin;C:\Users\Khadhar\AppData\Roaming\npm;C:\Users\Khadhar\AppData\Local\Android\Sdk\platform-tools;%USERPROFILE%\AppData\Local\Microsoft\WindowsApps;;."/>
    <property name="java.vendor" value="Oracle Corporation"/>
    <property name="java.vm.info" value="mixed mode"/>
    <property name="java.vm.version" value="11.0.17+10-LTS-269"/>
    <property name="sun.io.unicode.encoding" value="UnicodeLittle"/>
    <property name="java.class.version" value="55.0"/>
  </properties>
  <testcase name="preSetup" classname="androidFrameworkDesign.eCommerce_tc_4" time="42.07">
    <failure message="An unknown server-side error occurred while processing the command. Original error: Cannot start the &apos;&apos;com.androidsample.generalstore&apos;&apos; application. Consider checking the driver&apos;s troubleshooting documentation. Original error: Error executing adbExec. Original error: &apos;Command &apos;C:\\Users\\Khadhar\\AppData\\Local\\Android\\Sdk\\platform-tools\\adb.exe -P 5037 -s b043aa38 shell am start -W -n &quot;&apos;com.androidsample.generalstore&apos;/&apos;com.androidsample.generalstore.MainActivity&apos;&quot; -S&apos; exited with code 255&apos;; Command output: Security exception: Permission Denial: starting Intent { flg=0x10000000 cmp=com.androidsample.generalstore/.MainActivity } from null (pid=7696, uid=2000) not exported from uid 10120&#10;&#10;java.lang.SecurityException: Permission Denial: starting Intent { flg=0x10000000 cmp=com.androidsample.generalstore/.MainActivity } from null (pid=7696, uid=2000) not exported from uid 10120&#10;	at com.android.server.wm.ActivityStackSupervisor.checkStartAnyActivityPermission(ActivityStackSupervisor.java:1110)&#10;	at com.android.server.wm.ActivityStarter.startActivity(ActivityStarter.java:919)&#10;	at com.android.server.wm.ActivityStarter.startActivity(ActivityStarter.java:628)&#10;	at com.android.server.wm.ActivityStarter.startActivityMayWait(ActivityStarter.java:1495)&#10;	at com.android.server.wm.ActivityStarter.execute(ActivityStarter.java:553)&#10;	at com.android.server.wm.ActivityTaskManagerService.startActivityAndWait(ActivityTaskManagerService.java:1294)&#10;	at com.android.server.am.ActivityManagerService.startActivityAndWait(ActivityManagerService.java:3880)&#10;	at com.android.server.am.ActivityManagerShellCommand.runStartActivity(ActivityManagerShellCommand.java:518)&#10;	at com.android.server.am.ActivityManagerShellCommand.onCommand(ActivityManagerShellCommand.java:177)&#10;	at android.os.ShellCommand.exec(ShellCommand.java:104)&#10;	at com.android.server.am.ActivityManagerService.onShellCommand(ActivityManagerService.java:10843)&#10;	at android.os.Binder.shellCommand(Binder.java:892)&#10;	at android.os.Binder.onTransact(Binder.java:776)&#10;	at android.app.IActivityManager$Stub.onTransact(IActivityManager.java:4575)&#10;	at com.android.server.am.ActivityManagerService.onTransact(ActivityManagerService.java:3017)&#10;	at android.os.Binder.execTransactInternal(Binder.java:1032)&#10;	at android.os.Binder.execTransact(Binder.java:1005)&#10;&#10;Build info: version: &apos;4.7.2&apos;, revision: &apos;4d4020c3b7&apos;&#10;System info: os.name: &apos;Windows 10&apos;, os.arch: &apos;amd64&apos;, os.version: &apos;10.0&apos;, java.version: &apos;11.0.17&apos;&#10;Driver info: io.appium.java_client.android.AndroidDriver&#10;Command: [3ae7df2b-f0a9-416d-8b80-ec56196ce574, startActivity {appPackage=&apos;com.androidsample.generalstore&apos;, appActivity=&apos;com.androidsample.generalstore.MainActivity&apos;, appWaitPackage=, appWaitActivity=, dontStopAppOnReset=false, intentAction=, intentCategory=, intentFlags=, optionalIntentArguments=}]&#10;Capabilities {appium:app: C:\Users\Khadhar\eclipse-wo..., appium:appPackage: com.androidsample.generalstore, appium:automationName: UIAutomator2, appium:chromedriverExecutable: C://Users//Khadhar//Downloa..., appium:databaseEnabled: false, appium:desired: {app: C:\Users\Khadhar\eclipse-wo..., automationName: UIAutomator2, chromedriverExecutable: C://Users//Khadhar//Downloa..., deviceName: OnePlus ONEPLUS A5000, platformName: android}, appium:deviceApiLevel: 29, appium:deviceManufacturer: OnePlus, appium:deviceModel: ONEPLUS A5000, appium:deviceName: b043aa38, appium:deviceScreenDensity: 380, appium:deviceScreenSize: 1080x1920, appium:deviceUDID: b043aa38, appium:javascriptEnabled: true, appium:locationContextEnabled: false, appium:networkConnectionEnabled: true, appium:pixelRatio: 2.375, appium:platformVersion: 10, appium:statBarHeight: 57, appium:takesScreenshot: true, appium:viewportRect: {height: 1863, left: 0, top: 57, width: 1080}, appium:warnings: {}, appium:webStorageEnabled: false, platformName: ANDROID}&#10;Session ID: 3ae7df2b-f0a9-416d-8b80-ec56196ce574" type="org.openqa.selenium.WebDriverException"><![CDATA[org.openqa.selenium.WebDriverException: 
An unknown server-side error occurred while processing the command. Original error: Cannot start the ''com.androidsample.generalstore'' application. Consider checking the driver's troubleshooting documentation. Original error: Error executing adbExec. Original error: 'Command 'C:\\Users\\Khadhar\\AppData\\Local\\Android\\Sdk\\platform-tools\\adb.exe -P 5037 -s b043aa38 shell am start -W -n "'com.androidsample.generalstore'/'com.androidsample.generalstore.MainActivity'" -S' exited with code 255'; Command output: Security exception: Permission Denial: starting Intent { flg=0x10000000 cmp=com.androidsample.generalstore/.MainActivity } from null (pid=7696, uid=2000) not exported from uid 10120

java.lang.SecurityException: Permission Denial: starting Intent { flg=0x10000000 cmp=com.androidsample.generalstore/.MainActivity } from null (pid=7696, uid=2000) not exported from uid 10120
	at com.android.server.wm.ActivityStackSupervisor.checkStartAnyActivityPermission(ActivityStackSupervisor.java:1110)
	at com.android.server.wm.ActivityStarter.startActivity(ActivityStarter.java:919)
	at com.android.server.wm.ActivityStarter.startActivity(ActivityStarter.java:628)
	at com.android.server.wm.ActivityStarter.startActivityMayWait(ActivityStarter.java:1495)
	at com.android.server.wm.ActivityStarter.execute(ActivityStarter.java:553)
	at com.android.server.wm.ActivityTaskManagerService.startActivityAndWait(ActivityTaskManagerService.java:1294)
	at com.android.server.am.ActivityManagerService.startActivityAndWait(ActivityManagerService.java:3880)
	at com.android.server.am.ActivityManagerShellCommand.runStartActivity(ActivityManagerShellCommand.java:518)
	at com.android.server.am.ActivityManagerShellCommand.onCommand(ActivityManagerShellCommand.java:177)
	at android.os.ShellCommand.exec(ShellCommand.java:104)
	at com.android.server.am.ActivityManagerService.onShellCommand(ActivityManagerService.java:10843)
	at android.os.Binder.shellCommand(Binder.java:892)
	at android.os.Binder.onTransact(Binder.java:776)
	at android.app.IActivityManager$Stub.onTransact(IActivityManager.java:4575)
	at com.android.server.am.ActivityManagerService.onTransact(ActivityManagerService.java:3017)
	at android.os.Binder.execTransactInternal(Binder.java:1032)
	at android.os.Binder.execTransact(Binder.java:1005)

Build info: version: '4.7.2', revision: '4d4020c3b7'
System info: os.name: 'Windows 10', os.arch: 'amd64', os.version: '10.0', java.version: '11.0.17'
Driver info: io.appium.java_client.android.AndroidDriver
Command: [3ae7df2b-f0a9-416d-8b80-ec56196ce574, startActivity {appPackage='com.androidsample.generalstore', appActivity='com.androidsample.generalstore.MainActivity', appWaitPackage=, appWaitActivity=, dontStopAppOnReset=false, intentAction=, intentCategory=, intentFlags=, optionalIntentArguments=}]
Capabilities {appium:app: C:\Users\Khadhar\eclipse-wo..., appium:appPackage: com.androidsample.generalstore, appium:automationName: UIAutomator2, appium:chromedriverExecutable: C://Users//Khadhar//Downloa..., appium:databaseEnabled: false, appium:desired: {app: C:\Users\Khadhar\eclipse-wo..., automationName: UIAutomator2, chromedriverExecutable: C://Users//Khadhar//Downloa..., deviceName: OnePlus ONEPLUS A5000, platformName: android}, appium:deviceApiLevel: 29, appium:deviceManufacturer: OnePlus, appium:deviceModel: ONEPLUS A5000, appium:deviceName: b043aa38, appium:deviceScreenDensity: 380, appium:deviceScreenSize: 1080x1920, appium:deviceUDID: b043aa38, appium:javascriptEnabled: true, appium:locationContextEnabled: false, appium:networkConnectionEnabled: true, appium:pixelRatio: 2.375, appium:platformVersion: 10, appium:statBarHeight: 57, appium:takesScreenshot: true, appium:viewportRect: {height: 1863, left: 0, top: 57, width: 1080}, appium:warnings: {}, appium:webStorageEnabled: false, platformName: ANDROID}
Session ID: 3ae7df2b-f0a9-416d-8b80-ec56196ce574
	at java.base/jdk.internal.reflect.NativeConstructorAccessorImpl.newInstance0(Native Method)
	at java.base/jdk.internal.reflect.NativeConstructorAccessorImpl.newInstance(NativeConstructorAccessorImpl.java:62)
	at java.base/jdk.internal.reflect.DelegatingConstructorAccessorImpl.newInstance(DelegatingConstructorAccessorImpl.java:45)
	at java.base/java.lang.reflect.Constructor.newInstance(Constructor.java:490)
	at org.openqa.selenium.remote.codec.w3c.W3CHttpResponseCodec.createException(W3CHttpResponseCodec.java:200)
	at org.openqa.selenium.remote.codec.w3c.W3CHttpResponseCodec.decode(W3CHttpResponseCodec.java:133)
	at org.openqa.selenium.remote.codec.w3c.W3CHttpResponseCodec.decode(W3CHttpResponseCodec.java:53)
	at org.openqa.selenium.remote.HttpCommandExecutor.execute(HttpCommandExecutor.java:184)
	at io.appium.java_client.remote.AppiumCommandExecutor.execute(AppiumCommandExecutor.java:262)
	at org.openqa.selenium.remote.RemoteWebDriver.execute(RemoteWebDriver.java:535)
	at org.openqa.selenium.remote.RemoteWebDriver.execute(RemoteWebDriver.java:590)
	at io.appium.java_client.AppiumDriver.execute(AppiumDriver.java:267)
	at io.appium.java_client.CommandExecutionHelper.execute(CommandExecutionHelper.java:27)
	at io.appium.java_client.android.StartsActivity.startActivity(StartsActivity.java:45)
	at com.frameworkdesign.pageobjects.android.FormPage.setActivity(FormPage.java:54)
	at androidFrameworkDesign.eCommerce_tc_4.preSetup(eCommerce_tc_4.java:48)
	at java.base/jdk.internal.reflect.NativeMethodAccessorImpl.invoke0(Native Method)
	at java.base/jdk.internal.reflect.NativeMethodAccessorImpl.invoke(NativeMethodAccessorImpl.java:62)
	at java.base/jdk.internal.reflect.DelegatingMethodAccessorImpl.invoke(DelegatingMethodAccessorImpl.java:43)
	at java.base/java.lang.reflect.Method.invoke(Method.java:566)
	at org.testng.internal.invokers.MethodInvocationHelper.invokeMethod(MethodInvocationHelper.java:139)
	at org.testng.internal.invokers.MethodInvocationHelper.invokeMethodConsideringTimeout(MethodInvocationHelper.java:69)
	at org.testng.internal.invokers.ConfigInvoker.invokeConfigurationMethod(ConfigInvoker.java:361)
	at org.testng.internal.invokers.ConfigInvoker.invokeConfigurations(ConfigInvoker.java:296)
	at org.testng.internal.invokers.TestInvoker.runConfigMethods(TestInvoker.java:823)
	at org.testng.internal.invokers.TestInvoker.invokeMethod(TestInvoker.java:590)
	at org.testng.internal.invokers.TestInvoker.invokeTestMethod(TestInvoker.java:221)
	at org.testng.internal.invokers.MethodRunner.runInSequence(MethodRunner.java:50)
	at org.testng.internal.invokers.TestInvoker$MethodInvocationAgent.invoke(TestInvoker.java:969)
	at org.testng.internal.invokers.TestInvoker.invokeTestMethods(TestInvoker.java:194)
	at org.testng.internal.invokers.TestMethodWorker.invokeTestMethods(TestMethodWorker.java:148)
	at org.testng.internal.invokers.TestMethodWorker.run(TestMethodWorker.java:128)
	at java.base/java.util.ArrayList.forEach(ArrayList.java:1541)
	at org.testng.TestRunner.privateRun(TestRunner.java:829)
	at org.testng.TestRunner.run(TestRunner.java:602)
	at org.testng.SuiteRunner.runTest(SuiteRunner.java:437)
	at org.testng.SuiteRunner.runSequentially(SuiteRunner.java:431)
	at org.testng.SuiteRunner.privateRun(SuiteRunner.java:391)
	at org.testng.SuiteRunner.run(SuiteRunner.java:330)
	at org.testng.SuiteRunnerWorker.runSuite(SuiteRunnerWorker.java:52)
	at org.testng.SuiteRunnerWorker.run(SuiteRunnerWorker.java:95)
	at org.testng.TestNG.runSuitesSequentially(TestNG.java:1256)
	at org.testng.TestNG.runSuitesLocally(TestNG.java:1176)
	at org.testng.TestNG.runSuites(TestNG.java:1099)
	at org.testng.TestNG.run(TestNG.java:1067)
	at org.apache.maven.surefire.testng.TestNGExecutor.run(TestNGExecutor.java:324)
	at org.apache.maven.surefire.testng.TestNGXmlTestSuite.execute(TestNGXmlTestSuite.java:74)
	at org.apache.maven.surefire.testng.TestNGProvider.invoke(TestNGProvider.java:123)
	at org.apache.maven.surefire.booter.ForkedBooter.runSuitesInProcess(ForkedBooter.java:456)
	at org.apache.maven.surefire.booter.ForkedBooter.execute(ForkedBooter.java:169)
	at org.apache.maven.surefire.booter.ForkedBooter.run(ForkedBooter.java:595)
	at org.apache.maven.surefire.booter.ForkedBooter.main(ForkedBooter.java:581)
]]></failure>
    <system-out><![CDATA[C:\Users\Khadhar\AppData\Roaming\npm\node_modules\appium\lib\main.js:3
import {init as logsinkInit} from './logsink'; // this import needs to come first since it sets up global npmlog
^^^^^^

SyntaxError: Cannot use import statement outside a module
    at Object.compileFunction (node:vm:352:18)
    at wrapSafe (node:internal/modules/cjs/loader:1032:15)
    at Module._compile (node:internal/modules/cjs/loader:1067:27)
    at Object.Module._extensions..js (node:internal/modules/cjs/loader:1155:10)
    at Module.load (node:internal/modules/cjs/loader:981:32)
    at Function.Module._load (node:internal/modules/cjs/loader:822:12)
    at Function.executeUserEntryPoint [as runMain] (node:internal/modules/run_main:77:12)
    at node:internal/main/run_main_module:17:47
]]></system-out>
    <system-err><![CDATA[SLF4J: No SLF4J providers were found.
SLF4J: Defaulting to no-operation (NOP) logger implementation
SLF4J: See https://www.slf4j.org/codes.html#noProviders for further details.
SLF4J: Class path contains SLF4J bindings targeting slf4j-api versions 1.7.x or earlier.
SLF4J: Ignoring binding found at [jar:file:/C:/Users/Khadhar/.m2/repository/org/slf4j/slf4j-simple/1.7.21/slf4j-simple-1.7.21.jar!/org/slf4j/impl/StaticLoggerBinder.class]
SLF4J: See https://www.slf4j.org/codes.html#ignoredBindings for an explanation.
]]></system-err>
  </testcase>
  <testcase name="preSetup" classname="androidFrameworkDesign.eCommerce_tc_4" time="0.525">
    <failure message="An unknown server-side error occurred while processing the command. Original error: Cannot start the &apos;&apos;com.androidsample.generalstore&apos;&apos; application. Consider checking the driver&apos;s troubleshooting documentation. Original error: Error executing adbExec. Original error: &apos;Command &apos;C:\\Users\\Khadhar\\AppData\\Local\\Android\\Sdk\\platform-tools\\adb.exe -P 5037 -s b043aa38 shell am start -W -n &quot;&apos;com.androidsample.generalstore&apos;/&apos;com.androidsample.generalstore.MainActivity&apos;&quot; -S&apos; exited with code 255&apos;; Command output: Security exception: Permission Denial: starting Intent { flg=0x10000000 cmp=com.androidsample.generalstore/.MainActivity } from null (pid=7711, uid=2000) not exported from uid 10120&#10;&#10;java.lang.SecurityException: Permission Denial: starting Intent { flg=0x10000000 cmp=com.androidsample.generalstore/.MainActivity } from null (pid=7711, uid=2000) not exported from uid 10120&#10;	at com.android.server.wm.ActivityStackSupervisor.checkStartAnyActivityPermission(ActivityStackSupervisor.java:1110)&#10;	at com.android.server.wm.ActivityStarter.startActivity(ActivityStarter.java:919)&#10;	at com.android.server.wm.ActivityStarter.startActivity(ActivityStarter.java:628)&#10;	at com.android.server.wm.ActivityStarter.startActivityMayWait(ActivityStarter.java:1495)&#10;	at com.android.server.wm.ActivityStarter.execute(ActivityStarter.java:553)&#10;	at com.android.server.wm.ActivityTaskManagerService.startActivityAndWait(ActivityTaskManagerService.java:1294)&#10;	at com.android.server.am.ActivityManagerService.startActivityAndWait(ActivityManagerService.java:3880)&#10;	at com.android.server.am.ActivityManagerShellCommand.runStartActivity(ActivityManagerShellCommand.java:518)&#10;	at com.android.server.am.ActivityManagerShellCommand.onCommand(ActivityManagerShellCommand.java:177)&#10;	at android.os.ShellCommand.exec(ShellCommand.java:104)&#10;	at com.android.server.am.ActivityManagerService.onShellCommand(ActivityManagerService.java:10843)&#10;	at android.os.Binder.shellCommand(Binder.java:892)&#10;	at android.os.Binder.onTransact(Binder.java:776)&#10;	at android.app.IActivityManager$Stub.onTransact(IActivityManager.java:4575)&#10;	at com.android.server.am.ActivityManagerService.onTransact(ActivityManagerService.java:3017)&#10;	at android.os.Binder.execTransactInternal(Binder.java:1032)&#10;	at android.os.Binder.execTransact(Binder.java:1005)&#10;&#10;Build info: version: &apos;4.7.2&apos;, revision: &apos;4d4020c3b7&apos;&#10;System info: os.name: &apos;Windows 10&apos;, os.arch: &apos;amd64&apos;, os.version: &apos;10.0&apos;, java.version: &apos;11.0.17&apos;&#10;Driver info: io.appium.java_client.android.AndroidDriver&#10;Command: [3ae7df2b-f0a9-416d-8b80-ec56196ce574, startActivity {appPackage=&apos;com.androidsample.generalstore&apos;, appActivity=&apos;com.androidsample.generalstore.MainActivity&apos;, appWaitPackage=, appWaitActivity=, dontStopAppOnReset=false, intentAction=, intentCategory=, intentFlags=, optionalIntentArguments=}]&#10;Capabilities {appium:app: C:\Users\Khadhar\eclipse-wo..., appium:appPackage: com.androidsample.generalstore, appium:automationName: UIAutomator2, appium:chromedriverExecutable: C://Users//Khadhar//Downloa..., appium:databaseEnabled: false, appium:desired: {app: C:\Users\Khadhar\eclipse-wo..., automationName: UIAutomator2, chromedriverExecutable: C://Users//Khadhar//Downloa..., deviceName: OnePlus ONEPLUS A5000, platformName: android}, appium:deviceApiLevel: 29, appium:deviceManufacturer: OnePlus, appium:deviceModel: ONEPLUS A5000, appium:deviceName: b043aa38, appium:deviceScreenDensity: 380, appium:deviceScreenSize: 1080x1920, appium:deviceUDID: b043aa38, appium:javascriptEnabled: true, appium:locationContextEnabled: false, appium:networkConnectionEnabled: true, appium:pixelRatio: 2.375, appium:platformVersion: 10, appium:statBarHeight: 57, appium:takesScreenshot: true, appium:viewportRect: {height: 1863, left: 0, top: 57, width: 1080}, appium:warnings: {}, appium:webStorageEnabled: false, platformName: ANDROID}&#10;Session ID: 3ae7df2b-f0a9-416d-8b80-ec56196ce574" type="org.openqa.selenium.WebDriverException"><![CDATA[org.openqa.selenium.WebDriverException: 
An unknown server-side error occurred while processing the command. Original error: Cannot start the ''com.androidsample.generalstore'' application. Consider checking the driver's troubleshooting documentation. Original error: Error executing adbExec. Original error: 'Command 'C:\\Users\\Khadhar\\AppData\\Local\\Android\\Sdk\\platform-tools\\adb.exe -P 5037 -s b043aa38 shell am start -W -n "'com.androidsample.generalstore'/'com.androidsample.generalstore.MainActivity'" -S' exited with code 255'; Command output: Security exception: Permission Denial: starting Intent { flg=0x10000000 cmp=com.androidsample.generalstore/.MainActivity } from null (pid=7711, uid=2000) not exported from uid 10120

java.lang.SecurityException: Permission Denial: starting Intent { flg=0x10000000 cmp=com.androidsample.generalstore/.MainActivity } from null (pid=7711, uid=2000) not exported from uid 10120
	at com.android.server.wm.ActivityStackSupervisor.checkStartAnyActivityPermission(ActivityStackSupervisor.java:1110)
	at com.android.server.wm.ActivityStarter.startActivity(ActivityStarter.java:919)
	at com.android.server.wm.ActivityStarter.startActivity(ActivityStarter.java:628)
	at com.android.server.wm.ActivityStarter.startActivityMayWait(ActivityStarter.java:1495)
	at com.android.server.wm.ActivityStarter.execute(ActivityStarter.java:553)
	at com.android.server.wm.ActivityTaskManagerService.startActivityAndWait(ActivityTaskManagerService.java:1294)
	at com.android.server.am.ActivityManagerService.startActivityAndWait(ActivityManagerService.java:3880)
	at com.android.server.am.ActivityManagerShellCommand.runStartActivity(ActivityManagerShellCommand.java:518)
	at com.android.server.am.ActivityManagerShellCommand.onCommand(ActivityManagerShellCommand.java:177)
	at android.os.ShellCommand.exec(ShellCommand.java:104)
	at com.android.server.am.ActivityManagerService.onShellCommand(ActivityManagerService.java:10843)
	at android.os.Binder.shellCommand(Binder.java:892)
	at android.os.Binder.onTransact(Binder.java:776)
	at android.app.IActivityManager$Stub.onTransact(IActivityManager.java:4575)
	at com.android.server.am.ActivityManagerService.onTransact(ActivityManagerService.java:3017)
	at android.os.Binder.execTransactInternal(Binder.java:1032)
	at android.os.Binder.execTransact(Binder.java:1005)

Build info: version: '4.7.2', revision: '4d4020c3b7'
System info: os.name: 'Windows 10', os.arch: 'amd64', os.version: '10.0', java.version: '11.0.17'
Driver info: io.appium.java_client.android.AndroidDriver
Command: [3ae7df2b-f0a9-416d-8b80-ec56196ce574, startActivity {appPackage='com.androidsample.generalstore', appActivity='com.androidsample.generalstore.MainActivity', appWaitPackage=, appWaitActivity=, dontStopAppOnReset=false, intentAction=, intentCategory=, intentFlags=, optionalIntentArguments=}]
Capabilities {appium:app: C:\Users\Khadhar\eclipse-wo..., appium:appPackage: com.androidsample.generalstore, appium:automationName: UIAutomator2, appium:chromedriverExecutable: C://Users//Khadhar//Downloa..., appium:databaseEnabled: false, appium:desired: {app: C:\Users\Khadhar\eclipse-wo..., automationName: UIAutomator2, chromedriverExecutable: C://Users//Khadhar//Downloa..., deviceName: OnePlus ONEPLUS A5000, platformName: android}, appium:deviceApiLevel: 29, appium:deviceManufacturer: OnePlus, appium:deviceModel: ONEPLUS A5000, appium:deviceName: b043aa38, appium:deviceScreenDensity: 380, appium:deviceScreenSize: 1080x1920, appium:deviceUDID: b043aa38, appium:javascriptEnabled: true, appium:locationContextEnabled: false, appium:networkConnectionEnabled: true, appium:pixelRatio: 2.375, appium:platformVersion: 10, appium:statBarHeight: 57, appium:takesScreenshot: true, appium:viewportRect: {height: 1863, left: 0, top: 57, width: 1080}, appium:warnings: {}, appium:webStorageEnabled: false, platformName: ANDROID}
Session ID: 3ae7df2b-f0a9-416d-8b80-ec56196ce574
	at java.base/jdk.internal.reflect.NativeConstructorAccessorImpl.newInstance0(Native Method)
	at java.base/jdk.internal.reflect.NativeConstructorAccessorImpl.newInstance(NativeConstructorAccessorImpl.java:62)
	at java.base/jdk.internal.reflect.DelegatingConstructorAccessorImpl.newInstance(DelegatingConstructorAccessorImpl.java:45)
	at java.base/java.lang.reflect.Constructor.newInstance(Constructor.java:490)
	at org.openqa.selenium.remote.codec.w3c.W3CHttpResponseCodec.createException(W3CHttpResponseCodec.java:200)
	at org.openqa.selenium.remote.codec.w3c.W3CHttpResponseCodec.decode(W3CHttpResponseCodec.java:133)
	at org.openqa.selenium.remote.codec.w3c.W3CHttpResponseCodec.decode(W3CHttpResponseCodec.java:53)
	at org.openqa.selenium.remote.HttpCommandExecutor.execute(HttpCommandExecutor.java:184)
	at io.appium.java_client.remote.AppiumCommandExecutor.execute(AppiumCommandExecutor.java:262)
	at org.openqa.selenium.remote.RemoteWebDriver.execute(RemoteWebDriver.java:535)
	at org.openqa.selenium.remote.RemoteWebDriver.execute(RemoteWebDriver.java:590)
	at io.appium.java_client.AppiumDriver.execute(AppiumDriver.java:267)
	at io.appium.java_client.CommandExecutionHelper.execute(CommandExecutionHelper.java:27)
	at io.appium.java_client.android.StartsActivity.startActivity(StartsActivity.java:45)
	at com.frameworkdesign.pageobjects.android.FormPage.setActivity(FormPage.java:54)
	at androidFrameworkDesign.eCommerce_tc_4.preSetup(eCommerce_tc_4.java:48)
	at java.base/jdk.internal.reflect.NativeMethodAccessorImpl.invoke0(Native Method)
	at java.base/jdk.internal.reflect.NativeMethodAccessorImpl.invoke(NativeMethodAccessorImpl.java:62)
	at java.base/jdk.internal.reflect.DelegatingMethodAccessorImpl.invoke(DelegatingMethodAccessorImpl.java:43)
	at java.base/java.lang.reflect.Method.invoke(Method.java:566)
	at org.testng.internal.invokers.MethodInvocationHelper.invokeMethod(MethodInvocationHelper.java:139)
	at org.testng.internal.invokers.MethodInvocationHelper.invokeMethodConsideringTimeout(MethodInvocationHelper.java:69)
	at org.testng.internal.invokers.ConfigInvoker.invokeConfigurationMethod(ConfigInvoker.java:361)
	at org.testng.internal.invokers.ConfigInvoker.invokeConfigurations(ConfigInvoker.java:296)
	at org.testng.internal.invokers.TestInvoker.runConfigMethods(TestInvoker.java:823)
	at org.testng.internal.invokers.TestInvoker.invokeMethod(TestInvoker.java:590)
	at org.testng.internal.invokers.TestInvoker.invokeTestMethod(TestInvoker.java:221)
	at org.testng.internal.invokers.MethodRunner.runInSequence(MethodRunner.java:50)
	at org.testng.internal.invokers.TestInvoker$MethodInvocationAgent.invoke(TestInvoker.java:969)
	at org.testng.internal.invokers.TestInvoker.invokeTestMethods(TestInvoker.java:194)
	at org.testng.internal.invokers.TestMethodWorker.invokeTestMethods(TestMethodWorker.java:148)
	at org.testng.internal.invokers.TestMethodWorker.run(TestMethodWorker.java:128)
	at java.base/java.util.ArrayList.forEach(ArrayList.java:1541)
	at org.testng.TestRunner.privateRun(TestRunner.java:829)
	at org.testng.TestRunner.run(TestRunner.java:602)
	at org.testng.SuiteRunner.runTest(SuiteRunner.java:437)
	at org.testng.SuiteRunner.runSequentially(SuiteRunner.java:431)
	at org.testng.SuiteRunner.privateRun(SuiteRunner.java:391)
	at org.testng.SuiteRunner.run(SuiteRunner.java:330)
	at org.testng.SuiteRunnerWorker.runSuite(SuiteRunnerWorker.java:52)
	at org.testng.SuiteRunnerWorker.run(SuiteRunnerWorker.java:95)
	at org.testng.TestNG.runSuitesSequentially(TestNG.java:1256)
	at org.testng.TestNG.runSuitesLocally(TestNG.java:1176)
	at org.testng.TestNG.runSuites(TestNG.java:1099)
	at org.testng.TestNG.run(TestNG.java:1067)
	at org.apache.maven.surefire.testng.TestNGExecutor.run(TestNGExecutor.java:324)
	at org.apache.maven.surefire.testng.TestNGXmlTestSuite.execute(TestNGXmlTestSuite.java:74)
	at org.apache.maven.surefire.testng.TestNGProvider.invoke(TestNGProvider.java:123)
	at org.apache.maven.surefire.booter.ForkedBooter.runSuitesInProcess(ForkedBooter.java:456)
	at org.apache.maven.surefire.booter.ForkedBooter.execute(ForkedBooter.java:169)
	at org.apache.maven.surefire.booter.ForkedBooter.run(ForkedBooter.java:595)
	at org.apache.maven.surefire.booter.ForkedBooter.main(ForkedBooter.java:581)
]]></failure>
  </testcase>
  <testcase name="AddMultipleProductsToCartAndVerifyBrowserNavigation[{name=Nasir Ahmed, country=India, gender=male}](1)" classname="androidFrameworkDesign.eCommerce_tc_4" time="0">
    <skipped message="An unknown server-side error occurred while processing the command. Original error: Cannot start the &apos;&apos;com.androidsample.generalstore&apos;&apos; application. Consider checking the driver&apos;s troubleshooting documentation. Original error: Error executing adbExec. Original error: &apos;Command &apos;C:\\Users\\Khadhar\\AppData\\Local\\Android\\Sdk\\platform-tools\\adb.exe -P 5037 -s b043aa38 shell am start -W -n &quot;&apos;com.androidsample.generalstore&apos;/&apos;com.androidsample.generalstore.MainActivity&apos;&quot; -S&apos; exited with code 255&apos;; Command output: Security exception: Permission Denial: starting Intent { flg=0x10000000 cmp=com.androidsample.generalstore/.MainActivity } from null (pid=7696, uid=2000) not exported from uid 10120&#10;&#10;java.lang.SecurityException: Permission Denial: starting Intent { flg=0x10000000 cmp=com.androidsample.generalstore/.MainActivity } from null (pid=7696, uid=2000) not exported from uid 10120&#10;	at com.android.server.wm.ActivityStackSupervisor.checkStartAnyActivityPermission(ActivityStackSupervisor.java:1110)&#10;	at com.android.server.wm.ActivityStarter.startActivity(ActivityStarter.java:919)&#10;	at com.android.server.wm.ActivityStarter.startActivity(ActivityStarter.java:628)&#10;	at com.android.server.wm.ActivityStarter.startActivityMayWait(ActivityStarter.java:1495)&#10;	at com.android.server.wm.ActivityStarter.execute(ActivityStarter.java:553)&#10;	at com.android.server.wm.ActivityTaskManagerService.startActivityAndWait(ActivityTaskManagerService.java:1294)&#10;	at com.android.server.am.ActivityManagerService.startActivityAndWait(ActivityManagerService.java:3880)&#10;	at com.android.server.am.ActivityManagerShellCommand.runStartActivity(ActivityManagerShellCommand.java:518)&#10;	at com.android.server.am.ActivityManagerShellCommand.onCommand(ActivityManagerShellCommand.java:177)&#10;	at android.os.ShellCommand.exec(ShellCommand.java:104)&#10;	at com.android.server.am.ActivityManagerService.onShellCommand(ActivityManagerService.java:10843)&#10;	at android.os.Binder.shellCommand(Binder.java:892)&#10;	at android.os.Binder.onTransact(Binder.java:776)&#10;	at android.app.IActivityManager$Stub.onTransact(IActivityManager.java:4575)&#10;	at com.android.server.am.ActivityManagerService.onTransact(ActivityManagerService.java:3017)&#10;	at android.os.Binder.execTransactInternal(Binder.java:1032)&#10;	at android.os.Binder.execTransact(Binder.java:1005)&#10;&#10;Build info: version: &apos;4.7.2&apos;, revision: &apos;4d4020c3b7&apos;&#10;System info: os.name: &apos;Windows 10&apos;, os.arch: &apos;amd64&apos;, os.version: &apos;10.0&apos;, java.version: &apos;11.0.17&apos;&#10;Driver info: io.appium.java_client.android.AndroidDriver&#10;Command: [3ae7df2b-f0a9-416d-8b80-ec56196ce574, startActivity {appPackage=&apos;com.androidsample.generalstore&apos;, appActivity=&apos;com.androidsample.generalstore.MainActivity&apos;, appWaitPackage=, appWaitActivity=, dontStopAppOnReset=false, intentAction=, intentCategory=, intentFlags=, optionalIntentArguments=}]&#10;Capabilities {appium:app: C:\Users\Khadhar\eclipse-wo..., appium:appPackage: com.androidsample.generalstore, appium:automationName: UIAutomator2, appium:chromedriverExecutable: C://Users//Khadhar//Downloa..., appium:databaseEnabled: false, appium:desired: {app: C:\Users\Khadhar\eclipse-wo..., automationName: UIAutomator2, chromedriverExecutable: C://Users//Khadhar//Downloa..., deviceName: OnePlus ONEPLUS A5000, platformName: android}, appium:deviceApiLevel: 29, appium:deviceManufacturer: OnePlus, appium:deviceModel: ONEPLUS A5000, appium:deviceName: b043aa38, appium:deviceScreenDensity: 380, appium:deviceScreenSize: 1080x1920, appium:deviceUDID: b043aa38, appium:javascriptEnabled: true, appium:locationContextEnabled: false, appium:networkConnectionEnabled: true, appium:pixelRatio: 2.375, appium:platformVersion: 10, appium:statBarHeight: 57, appium:takesScreenshot: true, appium:viewportRect: {height: 1863, left: 0, top: 57, width: 1080}, appium:warnings: {}, appium:webStorageEnabled: false, platformName: ANDROID}&#10;Session ID: 3ae7df2b-f0a9-416d-8b80-ec56196ce574"/>
  </testcase>
  <testcase name="AddMultipleProductsToCartAndVerifyBrowserNavigation[{name=Khadar, country=Congo, gender=female}](2)" classname="androidFrameworkDesign.eCommerce_tc_4" time="0">
    <skipped message="An unknown server-side error occurred while processing the command. Original error: Cannot start the &apos;&apos;com.androidsample.generalstore&apos;&apos; application. Consider checking the driver&apos;s troubleshooting documentation. Original error: Error executing adbExec. Original error: &apos;Command &apos;C:\\Users\\Khadhar\\AppData\\Local\\Android\\Sdk\\platform-tools\\adb.exe -P 5037 -s b043aa38 shell am start -W -n &quot;&apos;com.androidsample.generalstore&apos;/&apos;com.androidsample.generalstore.MainActivity&apos;&quot; -S&apos; exited with code 255&apos;; Command output: Security exception: Permission Denial: starting Intent { flg=0x10000000 cmp=com.androidsample.generalstore/.MainActivity } from null (pid=7696, uid=2000) not exported from uid 10120&#10;&#10;java.lang.SecurityException: Permission Denial: starting Intent { flg=0x10000000 cmp=com.androidsample.generalstore/.MainActivity } from null (pid=7696, uid=2000) not exported from uid 10120&#10;	at com.android.server.wm.ActivityStackSupervisor.checkStartAnyActivityPermission(ActivityStackSupervisor.java:1110)&#10;	at com.android.server.wm.ActivityStarter.startActivity(ActivityStarter.java:919)&#10;	at com.android.server.wm.ActivityStarter.startActivity(ActivityStarter.java:628)&#10;	at com.android.server.wm.ActivityStarter.startActivityMayWait(ActivityStarter.java:1495)&#10;	at com.android.server.wm.ActivityStarter.execute(ActivityStarter.java:553)&#10;	at com.android.server.wm.ActivityTaskManagerService.startActivityAndWait(ActivityTaskManagerService.java:1294)&#10;	at com.android.server.am.ActivityManagerService.startActivityAndWait(ActivityManagerService.java:3880)&#10;	at com.android.server.am.ActivityManagerShellCommand.runStartActivity(ActivityManagerShellCommand.java:518)&#10;	at com.android.server.am.ActivityManagerShellCommand.onCommand(ActivityManagerShellCommand.java:177)&#10;	at android.os.ShellCommand.exec(ShellCommand.java:104)&#10;	at com.android.server.am.ActivityManagerService.onShellCommand(ActivityManagerService.java:10843)&#10;	at android.os.Binder.shellCommand(Binder.java:892)&#10;	at android.os.Binder.onTransact(Binder.java:776)&#10;	at android.app.IActivityManager$Stub.onTransact(IActivityManager.java:4575)&#10;	at com.android.server.am.ActivityManagerService.onTransact(ActivityManagerService.java:3017)&#10;	at android.os.Binder.execTransactInternal(Binder.java:1032)&#10;	at android.os.Binder.execTransact(Binder.java:1005)&#10;&#10;Build info: version: &apos;4.7.2&apos;, revision: &apos;4d4020c3b7&apos;&#10;System info: os.name: &apos;Windows 10&apos;, os.arch: &apos;amd64&apos;, os.version: &apos;10.0&apos;, java.version: &apos;11.0.17&apos;&#10;Driver info: io.appium.java_client.android.AndroidDriver&#10;Command: [3ae7df2b-f0a9-416d-8b80-ec56196ce574, startActivity {appPackage=&apos;com.androidsample.generalstore&apos;, appActivity=&apos;com.androidsample.generalstore.MainActivity&apos;, appWaitPackage=, appWaitActivity=, dontStopAppOnReset=false, intentAction=, intentCategory=, intentFlags=, optionalIntentArguments=}]&#10;Capabilities {appium:app: C:\Users\Khadhar\eclipse-wo..., appium:appPackage: com.androidsample.generalstore, appium:automationName: UIAutomator2, appium:chromedriverExecutable: C://Users//Khadhar//Downloa..., appium:databaseEnabled: false, appium:desired: {app: C:\Users\Khadhar\eclipse-wo..., automationName: UIAutomator2, chromedriverExecutable: C://Users//Khadhar//Downloa..., deviceName: OnePlus ONEPLUS A5000, platformName: android}, appium:deviceApiLevel: 29, appium:deviceManufacturer: OnePlus, appium:deviceModel: ONEPLUS A5000, appium:deviceName: b043aa38, appium:deviceScreenDensity: 380, appium:deviceScreenSize: 1080x1920, appium:deviceUDID: b043aa38, appium:javascriptEnabled: true, appium:locationContextEnabled: false, appium:networkConnectionEnabled: true, appium:pixelRatio: 2.375, appium:platformVersion: 10, appium:statBarHeight: 57, appium:takesScreenshot: true, appium:viewportRect: {height: 1863, left: 0, top: 57, width: 1080}, appium:warnings: {}, appium:webStorageEnabled: false, platformName: ANDROID}&#10;Session ID: 3ae7df2b-f0a9-416d-8b80-ec56196ce574"/>
  </testcase>
  <testcase name="tearDown" classname="androidFrameworkDesign.eCommerce_tc_4" time="0">
    <skipped/>
  </testcase>
  <testcase name="preSetup" classname="androidFrameworkDesign.eCommerce_tc_01" time="11.441">
    <failure message="An unknown server-side error occurred while processing the command. Original error: Cannot start the &apos;&apos;com.androidsample.generalstore&apos;&apos; application. Consider checking the driver&apos;s troubleshooting documentation. Original error: Error executing adbExec. Original error: &apos;Command &apos;C:\\Users\\Khadhar\\AppData\\Local\\Android\\Sdk\\platform-tools\\adb.exe -P 5037 -s b043aa38 shell am start -W -n &quot;&apos;com.androidsample.generalstore&apos;/&apos;com.androidsample.generalstore.MainActivity&apos;&quot; -S&apos; exited with code 255&apos;; Command output: Security exception: Permission Denial: starting Intent { flg=0x10000000 cmp=com.androidsample.generalstore/.MainActivity } from null (pid=7974, uid=2000) not exported from uid 10120&#10;&#10;java.lang.SecurityException: Permission Denial: starting Intent { flg=0x10000000 cmp=com.androidsample.generalstore/.MainActivity } from null (pid=7974, uid=2000) not exported from uid 10120&#10;	at com.android.server.wm.ActivityStackSupervisor.checkStartAnyActivityPermission(ActivityStackSupervisor.java:1110)&#10;	at com.android.server.wm.ActivityStarter.startActivity(ActivityStarter.java:919)&#10;	at com.android.server.wm.ActivityStarter.startActivity(ActivityStarter.java:628)&#10;	at com.android.server.wm.ActivityStarter.startActivityMayWait(ActivityStarter.java:1495)&#10;	at com.android.server.wm.ActivityStarter.execute(ActivityStarter.java:553)&#10;	at com.android.server.wm.ActivityTaskManagerService.startActivityAndWait(ActivityTaskManagerService.java:1294)&#10;	at com.android.server.am.ActivityManagerService.startActivityAndWait(ActivityManagerService.java:3880)&#10;	at com.android.server.am.ActivityManagerShellCommand.runStartActivity(ActivityManagerShellCommand.java:518)&#10;	at com.android.server.am.ActivityManagerShellCommand.onCommand(ActivityManagerShellCommand.java:177)&#10;	at android.os.ShellCommand.exec(ShellCommand.java:104)&#10;	at com.android.server.am.ActivityManagerService.onShellCommand(ActivityManagerService.java:10843)&#10;	at android.os.Binder.shellCommand(Binder.java:892)&#10;	at android.os.Binder.onTransact(Binder.java:776)&#10;	at android.app.IActivityManager$Stub.onTransact(IActivityManager.java:4575)&#10;	at com.android.server.am.ActivityManagerService.onTransact(ActivityManagerService.java:3017)&#10;	at android.os.Binder.execTransactInternal(Binder.java:1032)&#10;	at android.os.Binder.execTransact(Binder.java:1005)&#10;&#10;Build info: version: &apos;4.7.2&apos;, revision: &apos;4d4020c3b7&apos;&#10;System info: os.name: &apos;Windows 10&apos;, os.arch: &apos;amd64&apos;, os.version: &apos;10.0&apos;, java.version: &apos;11.0.17&apos;&#10;Driver info: io.appium.java_client.android.AndroidDriver&#10;Command: [e647305a-ddb0-4a2a-8315-d70a17ba5f94, startActivity {appPackage=&apos;com.androidsample.generalstore&apos;, appActivity=&apos;com.androidsample.generalstore.MainActivity&apos;, appWaitPackage=, appWaitActivity=, dontStopAppOnReset=false, intentAction=, intentCategory=, intentFlags=, optionalIntentArguments=}]&#10;Capabilities {appium:app: C:\Users\Khadhar\eclipse-wo..., appium:appPackage: com.androidsample.generalstore, appium:automationName: UIAutomator2, appium:chromedriverExecutable: C://Users//Khadhar//Downloa..., appium:databaseEnabled: false, appium:desired: {app: C:\Users\Khadhar\eclipse-wo..., automationName: UIAutomator2, chromedriverExecutable: C://Users//Khadhar//Downloa..., deviceName: OnePlus ONEPLUS A5000, platformName: android}, appium:deviceApiLevel: 29, appium:deviceManufacturer: OnePlus, appium:deviceModel: ONEPLUS A5000, appium:deviceName: b043aa38, appium:deviceScreenDensity: 380, appium:deviceScreenSize: 1080x1920, appium:deviceUDID: b043aa38, appium:javascriptEnabled: true, appium:locationContextEnabled: false, appium:networkConnectionEnabled: true, appium:pixelRatio: 2.375, appium:platformVersion: 10, appium:statBarHeight: 57, appium:takesScreenshot: true, appium:viewportRect: {height: 1863, left: 0, top: 57, width: 1080}, appium:warnings: {}, appium:webStorageEnabled: false, platformName: ANDROID}&#10;Session ID: e647305a-ddb0-4a2a-8315-d70a17ba5f94" type="org.openqa.selenium.WebDriverException"><![CDATA[org.openqa.selenium.WebDriverException: 
An unknown server-side error occurred while processing the command. Original error: Cannot start the ''com.androidsample.generalstore'' application. Consider checking the driver's troubleshooting documentation. Original error: Error executing adbExec. Original error: 'Command 'C:\\Users\\Khadhar\\AppData\\Local\\Android\\Sdk\\platform-tools\\adb.exe -P 5037 -s b043aa38 shell am start -W -n "'com.androidsample.generalstore'/'com.androidsample.generalstore.MainActivity'" -S' exited with code 255'; Command output: Security exception: Permission Denial: starting Intent { flg=0x10000000 cmp=com.androidsample.generalstore/.MainActivity } from null (pid=7974, uid=2000) not exported from uid 10120

java.lang.SecurityException: Permission Denial: starting Intent { flg=0x10000000 cmp=com.androidsample.generalstore/.MainActivity } from null (pid=7974, uid=2000) not exported from uid 10120
	at com.android.server.wm.ActivityStackSupervisor.checkStartAnyActivityPermission(ActivityStackSupervisor.java:1110)
	at com.android.server.wm.ActivityStarter.startActivity(ActivityStarter.java:919)
	at com.android.server.wm.ActivityStarter.startActivity(ActivityStarter.java:628)
	at com.android.server.wm.ActivityStarter.startActivityMayWait(ActivityStarter.java:1495)
	at com.android.server.wm.ActivityStarter.execute(ActivityStarter.java:553)
	at com.android.server.wm.ActivityTaskManagerService.startActivityAndWait(ActivityTaskManagerService.java:1294)
	at com.android.server.am.ActivityManagerService.startActivityAndWait(ActivityManagerService.java:3880)
	at com.android.server.am.ActivityManagerShellCommand.runStartActivity(ActivityManagerShellCommand.java:518)
	at com.android.server.am.ActivityManagerShellCommand.onCommand(ActivityManagerShellCommand.java:177)
	at android.os.ShellCommand.exec(ShellCommand.java:104)
	at com.android.server.am.ActivityManagerService.onShellCommand(ActivityManagerService.java:10843)
	at android.os.Binder.shellCommand(Binder.java:892)
	at android.os.Binder.onTransact(Binder.java:776)
	at android.app.IActivityManager$Stub.onTransact(IActivityManager.java:4575)
	at com.android.server.am.ActivityManagerService.onTransact(ActivityManagerService.java:3017)
	at android.os.Binder.execTransactInternal(Binder.java:1032)
	at android.os.Binder.execTransact(Binder.java:1005)

Build info: version: '4.7.2', revision: '4d4020c3b7'
System info: os.name: 'Windows 10', os.arch: 'amd64', os.version: '10.0', java.version: '11.0.17'
Driver info: io.appium.java_client.android.AndroidDriver
Command: [e647305a-ddb0-4a2a-8315-d70a17ba5f94, startActivity {appPackage='com.androidsample.generalstore', appActivity='com.androidsample.generalstore.MainActivity', appWaitPackage=, appWaitActivity=, dontStopAppOnReset=false, intentAction=, intentCategory=, intentFlags=, optionalIntentArguments=}]
Capabilities {appium:app: C:\Users\Khadhar\eclipse-wo..., appium:appPackage: com.androidsample.generalstore, appium:automationName: UIAutomator2, appium:chromedriverExecutable: C://Users//Khadhar//Downloa..., appium:databaseEnabled: false, appium:desired: {app: C:\Users\Khadhar\eclipse-wo..., automationName: UIAutomator2, chromedriverExecutable: C://Users//Khadhar//Downloa..., deviceName: OnePlus ONEPLUS A5000, platformName: android}, appium:deviceApiLevel: 29, appium:deviceManufacturer: OnePlus, appium:deviceModel: ONEPLUS A5000, appium:deviceName: b043aa38, appium:deviceScreenDensity: 380, appium:deviceScreenSize: 1080x1920, appium:deviceUDID: b043aa38, appium:javascriptEnabled: true, appium:locationContextEnabled: false, appium:networkConnectionEnabled: true, appium:pixelRatio: 2.375, appium:platformVersion: 10, appium:statBarHeight: 57, appium:takesScreenshot: true, appium:viewportRect: {height: 1863, left: 0, top: 57, width: 1080}, appium:warnings: {}, appium:webStorageEnabled: false, platformName: ANDROID}
Session ID: e647305a-ddb0-4a2a-8315-d70a17ba5f94
	at java.base/jdk.internal.reflect.NativeConstructorAccessorImpl.newInstance0(Native Method)
	at java.base/jdk.internal.reflect.NativeConstructorAccessorImpl.newInstance(NativeConstructorAccessorImpl.java:62)
	at java.base/jdk.internal.reflect.DelegatingConstructorAccessorImpl.newInstance(DelegatingConstructorAccessorImpl.java:45)
	at java.base/java.lang.reflect.Constructor.newInstance(Constructor.java:490)
	at org.openqa.selenium.remote.codec.w3c.W3CHttpResponseCodec.createException(W3CHttpResponseCodec.java:200)
	at org.openqa.selenium.remote.codec.w3c.W3CHttpResponseCodec.decode(W3CHttpResponseCodec.java:133)
	at org.openqa.selenium.remote.codec.w3c.W3CHttpResponseCodec.decode(W3CHttpResponseCodec.java:53)
	at org.openqa.selenium.remote.HttpCommandExecutor.execute(HttpCommandExecutor.java:184)
	at io.appium.java_client.remote.AppiumCommandExecutor.execute(AppiumCommandExecutor.java:262)
	at org.openqa.selenium.remote.RemoteWebDriver.execute(RemoteWebDriver.java:535)
	at org.openqa.selenium.remote.RemoteWebDriver.execute(RemoteWebDriver.java:590)
	at io.appium.java_client.AppiumDriver.execute(AppiumDriver.java:267)
	at io.appium.java_client.CommandExecutionHelper.execute(CommandExecutionHelper.java:27)
	at io.appium.java_client.android.StartsActivity.startActivity(StartsActivity.java:45)
	at com.frameworkdesign.pageobjects.android.FormPage.setActivity(FormPage.java:54)
	at androidFrameworkDesign.eCommerce_tc_01.preSetup(eCommerce_tc_01.java:16)
	at java.base/jdk.internal.reflect.NativeMethodAccessorImpl.invoke0(Native Method)
	at java.base/jdk.internal.reflect.NativeMethodAccessorImpl.invoke(NativeMethodAccessorImpl.java:62)
	at java.base/jdk.internal.reflect.DelegatingMethodAccessorImpl.invoke(DelegatingMethodAccessorImpl.java:43)
	at java.base/java.lang.reflect.Method.invoke(Method.java:566)
	at org.testng.internal.invokers.MethodInvocationHelper.invokeMethod(MethodInvocationHelper.java:139)
	at org.testng.internal.invokers.MethodInvocationHelper.invokeMethodConsideringTimeout(MethodInvocationHelper.java:69)
	at org.testng.internal.invokers.ConfigInvoker.invokeConfigurationMethod(ConfigInvoker.java:361)
	at org.testng.internal.invokers.ConfigInvoker.invokeConfigurations(ConfigInvoker.java:296)
	at org.testng.internal.invokers.TestInvoker.runConfigMethods(TestInvoker.java:823)
	at org.testng.internal.invokers.TestInvoker.invokeMethod(TestInvoker.java:590)
	at org.testng.internal.invokers.TestInvoker.invokeTestMethod(TestInvoker.java:221)
	at org.testng.internal.invokers.MethodRunner.runInSequence(MethodRunner.java:50)
	at org.testng.internal.invokers.TestInvoker$MethodInvocationAgent.invoke(TestInvoker.java:969)
	at org.testng.internal.invokers.TestInvoker.invokeTestMethods(TestInvoker.java:194)
	at org.testng.internal.invokers.TestMethodWorker.invokeTestMethods(TestMethodWorker.java:148)
	at org.testng.internal.invokers.TestMethodWorker.run(TestMethodWorker.java:128)
	at java.base/java.util.ArrayList.forEach(ArrayList.java:1541)
	at org.testng.TestRunner.privateRun(TestRunner.java:829)
	at org.testng.TestRunner.run(TestRunner.java:602)
	at org.testng.SuiteRunner.runTest(SuiteRunner.java:437)
	at org.testng.SuiteRunner.runSequentially(SuiteRunner.java:431)
	at org.testng.SuiteRunner.privateRun(SuiteRunner.java:391)
	at org.testng.SuiteRunner.run(SuiteRunner.java:330)
	at org.testng.SuiteRunnerWorker.runSuite(SuiteRunnerWorker.java:52)
	at org.testng.SuiteRunnerWorker.run(SuiteRunnerWorker.java:95)
	at org.testng.TestNG.runSuitesSequentially(TestNG.java:1256)
	at org.testng.TestNG.runSuitesLocally(TestNG.java:1176)
	at org.testng.TestNG.runSuites(TestNG.java:1099)
	at org.testng.TestNG.run(TestNG.java:1067)
	at org.apache.maven.surefire.testng.TestNGExecutor.run(TestNGExecutor.java:324)
	at org.apache.maven.surefire.testng.TestNGXmlTestSuite.execute(TestNGXmlTestSuite.java:74)
	at org.apache.maven.surefire.testng.TestNGProvider.invoke(TestNGProvider.java:123)
	at org.apache.maven.surefire.booter.ForkedBooter.runSuitesInProcess(ForkedBooter.java:456)
	at org.apache.maven.surefire.booter.ForkedBooter.execute(ForkedBooter.java:169)
	at org.apache.maven.surefire.booter.ForkedBooter.run(ForkedBooter.java:595)
	at org.apache.maven.surefire.booter.ForkedBooter.main(ForkedBooter.java:581)
]]></failure>
    <system-out><![CDATA[C:\Users\Khadhar\AppData\Roaming\npm\node_modules\appium\lib\main.js:3
import {init as logsinkInit} from './logsink'; // this import needs to come first since it sets up global npmlog
^^^^^^

SyntaxError: Cannot use import statement outside a module
    at Object.compileFunction (node:vm:352:18)
    at wrapSafe (node:internal/modules/cjs/loader:1032:15)
    at Module._compile (node:internal/modules/cjs/loader:1067:27)
    at Object.Module._extensions..js (node:internal/modules/cjs/loader:1155:10)
    at Module.load (node:internal/modules/cjs/loader:981:32)
    at Function.Module._load (node:internal/modules/cjs/loader:822:12)
    at Function.executeUserEntryPoint [as runMain] (node:internal/modules/run_main:77:12)
    at node:internal/main/run_main_module:17:47
]]></system-out>
  </testcase>
  <testcase name="preSetup" classname="androidFrameworkDesign.eCommerce_tc_01" time="0">
    <skipped/>
  </testcase>
  <testcase name="FillForm_ErrorValidationTest" classname="androidFrameworkDesign.eCommerce_tc_01" time="0">
    <skipped message="An unknown server-side error occurred while processing the command. Original error: Cannot start the &apos;&apos;com.androidsample.generalstore&apos;&apos; application. Consider checking the driver&apos;s troubleshooting documentation. Original error: Error executing adbExec. Original error: &apos;Command &apos;C:\\Users\\Khadhar\\AppData\\Local\\Android\\Sdk\\platform-tools\\adb.exe -P 5037 -s b043aa38 shell am start -W -n &quot;&apos;com.androidsample.generalstore&apos;/&apos;com.androidsample.generalstore.MainActivity&apos;&quot; -S&apos; exited with code 255&apos;; Command output: Security exception: Permission Denial: starting Intent { flg=0x10000000 cmp=com.androidsample.generalstore/.MainActivity } from null (pid=7974, uid=2000) not exported from uid 10120&#10;&#10;java.lang.SecurityException: Permission Denial: starting Intent { flg=0x10000000 cmp=com.androidsample.generalstore/.MainActivity } from null (pid=7974, uid=2000) not exported from uid 10120&#10;	at com.android.server.wm.ActivityStackSupervisor.checkStartAnyActivityPermission(ActivityStackSupervisor.java:1110)&#10;	at com.android.server.wm.ActivityStarter.startActivity(ActivityStarter.java:919)&#10;	at com.android.server.wm.ActivityStarter.startActivity(ActivityStarter.java:628)&#10;	at com.android.server.wm.ActivityStarter.startActivityMayWait(ActivityStarter.java:1495)&#10;	at com.android.server.wm.ActivityStarter.execute(ActivityStarter.java:553)&#10;	at com.android.server.wm.ActivityTaskManagerService.startActivityAndWait(ActivityTaskManagerService.java:1294)&#10;	at com.android.server.am.ActivityManagerService.startActivityAndWait(ActivityManagerService.java:3880)&#10;	at com.android.server.am.ActivityManagerShellCommand.runStartActivity(ActivityManagerShellCommand.java:518)&#10;	at com.android.server.am.ActivityManagerShellCommand.onCommand(ActivityManagerShellCommand.java:177)&#10;	at android.os.ShellCommand.exec(ShellCommand.java:104)&#10;	at com.android.server.am.ActivityManagerService.onShellCommand(ActivityManagerService.java:10843)&#10;	at android.os.Binder.shellCommand(Binder.java:892)&#10;	at android.os.Binder.onTransact(Binder.java:776)&#10;	at android.app.IActivityManager$Stub.onTransact(IActivityManager.java:4575)&#10;	at com.android.server.am.ActivityManagerService.onTransact(ActivityManagerService.java:3017)&#10;	at android.os.Binder.execTransactInternal(Binder.java:1032)&#10;	at android.os.Binder.execTransact(Binder.java:1005)&#10;&#10;Build info: version: &apos;4.7.2&apos;, revision: &apos;4d4020c3b7&apos;&#10;System info: os.name: &apos;Windows 10&apos;, os.arch: &apos;amd64&apos;, os.version: &apos;10.0&apos;, java.version: &apos;11.0.17&apos;&#10;Driver info: io.appium.java_client.android.AndroidDriver&#10;Command: [e647305a-ddb0-4a2a-8315-d70a17ba5f94, startActivity {appPackage=&apos;com.androidsample.generalstore&apos;, appActivity=&apos;com.androidsample.generalstore.MainActivity&apos;, appWaitPackage=, appWaitActivity=, dontStopAppOnReset=false, intentAction=, intentCategory=, intentFlags=, optionalIntentArguments=}]&#10;Capabilities {appium:app: C:\Users\Khadhar\eclipse-wo..., appium:appPackage: com.androidsample.generalstore, appium:automationName: UIAutomator2, appium:chromedriverExecutable: C://Users//Khadhar//Downloa..., appium:databaseEnabled: false, appium:desired: {app: C:\Users\Khadhar\eclipse-wo..., automationName: UIAutomator2, chromedriverExecutable: C://Users//Khadhar//Downloa..., deviceName: OnePlus ONEPLUS A5000, platformName: android}, appium:deviceApiLevel: 29, appium:deviceManufacturer: OnePlus, appium:deviceModel: ONEPLUS A5000, appium:deviceName: b043aa38, appium:deviceScreenDensity: 380, appium:deviceScreenSize: 1080x1920, appium:deviceUDID: b043aa38, appium:javascriptEnabled: true, appium:locationContextEnabled: false, appium:networkConnectionEnabled: true, appium:pixelRatio: 2.375, appium:platformVersion: 10, appium:statBarHeight: 57, appium:takesScreenshot: true, appium:viewportRect: {height: 1863, left: 0, top: 57, width: 1080}, appium:warnings: {}, appium:webStorageEnabled: false, platformName: ANDROID}&#10;Session ID: e647305a-ddb0-4a2a-8315-d70a17ba5f94"/>
  </testcase>
  <testcase name="FillForm_PositiveFlowTest" classname="androidFrameworkDesign.eCommerce_tc_01" time="0">
    <skipped message="An unknown server-side error occurred while processing the command. Original error: Cannot start the &apos;&apos;com.androidsample.generalstore&apos;&apos; application. Consider checking the driver&apos;s troubleshooting documentation. Original error: Error executing adbExec. Original error: &apos;Command &apos;C:\\Users\\Khadhar\\AppData\\Local\\Android\\Sdk\\platform-tools\\adb.exe -P 5037 -s b043aa38 shell am start -W -n &quot;&apos;com.androidsample.generalstore&apos;/&apos;com.androidsample.generalstore.MainActivity&apos;&quot; -S&apos; exited with code 255&apos;; Command output: Security exception: Permission Denial: starting Intent { flg=0x10000000 cmp=com.androidsample.generalstore/.MainActivity } from null (pid=7974, uid=2000) not exported from uid 10120&#10;&#10;java.lang.SecurityException: Permission Denial: starting Intent { flg=0x10000000 cmp=com.androidsample.generalstore/.MainActivity } from null (pid=7974, uid=2000) not exported from uid 10120&#10;	at com.android.server.wm.ActivityStackSupervisor.checkStartAnyActivityPermission(ActivityStackSupervisor.java:1110)&#10;	at com.android.server.wm.ActivityStarter.startActivity(ActivityStarter.java:919)&#10;	at com.android.server.wm.ActivityStarter.startActivity(ActivityStarter.java:628)&#10;	at com.android.server.wm.ActivityStarter.startActivityMayWait(ActivityStarter.java:1495)&#10;	at com.android.server.wm.ActivityStarter.execute(ActivityStarter.java:553)&#10;	at com.android.server.wm.ActivityTaskManagerService.startActivityAndWait(ActivityTaskManagerService.java:1294)&#10;	at com.android.server.am.ActivityManagerService.startActivityAndWait(ActivityManagerService.java:3880)&#10;	at com.android.server.am.ActivityManagerShellCommand.runStartActivity(ActivityManagerShellCommand.java:518)&#10;	at com.android.server.am.ActivityManagerShellCommand.onCommand(ActivityManagerShellCommand.java:177)&#10;	at android.os.ShellCommand.exec(ShellCommand.java:104)&#10;	at com.android.server.am.ActivityManagerService.onShellCommand(ActivityManagerService.java:10843)&#10;	at android.os.Binder.shellCommand(Binder.java:892)&#10;	at android.os.Binder.onTransact(Binder.java:776)&#10;	at android.app.IActivityManager$Stub.onTransact(IActivityManager.java:4575)&#10;	at com.android.server.am.ActivityManagerService.onTransact(ActivityManagerService.java:3017)&#10;	at android.os.Binder.execTransactInternal(Binder.java:1032)&#10;	at android.os.Binder.execTransact(Binder.java:1005)&#10;&#10;Build info: version: &apos;4.7.2&apos;, revision: &apos;4d4020c3b7&apos;&#10;System info: os.name: &apos;Windows 10&apos;, os.arch: &apos;amd64&apos;, os.version: &apos;10.0&apos;, java.version: &apos;11.0.17&apos;&#10;Driver info: io.appium.java_client.android.AndroidDriver&#10;Command: [e647305a-ddb0-4a2a-8315-d70a17ba5f94, startActivity {appPackage=&apos;com.androidsample.generalstore&apos;, appActivity=&apos;com.androidsample.generalstore.MainActivity&apos;, appWaitPackage=, appWaitActivity=, dontStopAppOnReset=false, intentAction=, intentCategory=, intentFlags=, optionalIntentArguments=}]&#10;Capabilities {appium:app: C:\Users\Khadhar\eclipse-wo..., appium:appPackage: com.androidsample.generalstore, appium:automationName: UIAutomator2, appium:chromedriverExecutable: C://Users//Khadhar//Downloa..., appium:databaseEnabled: false, appium:desired: {app: C:\Users\Khadhar\eclipse-wo..., automationName: UIAutomator2, chromedriverExecutable: C://Users//Khadhar//Downloa..., deviceName: OnePlus ONEPLUS A5000, platformName: android}, appium:deviceApiLevel: 29, appium:deviceManufacturer: OnePlus, appium:deviceModel: ONEPLUS A5000, appium:deviceName: b043aa38, appium:deviceScreenDensity: 380, appium:deviceScreenSize: 1080x1920, appium:deviceUDID: b043aa38, appium:javascriptEnabled: true, appium:locationContextEnabled: false, appium:networkConnectionEnabled: true, appium:pixelRatio: 2.375, appium:platformVersion: 10, appium:statBarHeight: 57, appium:takesScreenshot: true, appium:viewportRect: {height: 1863, left: 0, top: 57, width: 1080}, appium:warnings: {}, appium:webStorageEnabled: false, platformName: ANDROID}&#10;Session ID: e647305a-ddb0-4a2a-8315-d70a17ba5f94"/>
  </testcase>
  <testcase name="tearDown" classname="androidFrameworkDesign.eCommerce_tc_01" time="0">
    <skipped/>
  </testcase>
</testsuite>